<?xml version="1.0" encoding="UTF-8"?>
<!-- Generated by org.testng.reporters.JUnitReportReporter -->
<testsuite hostname="LAPTOP-4970KC2I" failures="0" tests="1" name="curdOperationUsingTDD.DeleteRequestTest" time="2.636" errors="0" timestamp="2022-11-04T13:19:26 IST" skipped="0">
  <testcase classname="curdOperationUsingTDD.DeleteRequestTest" name="DeleteRequestTest" time="2.636"/>
  <system-out/>
</testsuite> <!-- curdOperationUsingTDD.DeleteRequestTest -->
