<?xml version="1.0" encoding="UTF-8"?>
<!-- Generated by org.testng.reporters.JUnitReportReporter -->
<testsuite hostname="LAPTOP-4970KC2I" failures="0" tests="1" name="com.BaseClass.BasicTTest" time="4.395" errors="0" timestamp="2022-10-24T14:06:53 IST" skipped="0">
  <testcase classname="com.BaseClass.BasicTTest" name="BasicTTest" time="4.395"/>
  <system-out/>
</testsuite> <!-- com.BaseClass.BasicTTest -->
