<?xml version="1.0" encoding="UTF-8"?>
<!-- Generated by org.testng.reporters.JUnitReportReporter -->
<testsuite hostname="LAPTOP-4970KC2I" failures="0" tests="1" name="authentication.BasicAuthTest" time="4.044" errors="0" timestamp="2022-11-02T11:12:28 IST" skipped="0">
  <testcase classname="authentication.BasicAuthTest" name="BasicauthTest" time="4.044"/>
  <system-out/>
</testsuite> <!-- authentication.BasicAuthTest -->
