<?xml version="1.0" encoding="UTF-8"?>
<!-- Generated by org.testng.reporters.JUnitReportReporter -->
<testsuite hostname="LAPTOP-4970KC2I" failures="0" tests="1" name="curdOperationUsingTDD.GetRequest2Test" time="3.932" errors="0" timestamp="2022-11-04T13:15:01 IST" skipped="0">
  <testcase classname="curdOperationUsingTDD.GetRequest2Test" name="getRequestTest" time="3.932"/>
  <system-out/>
</testsuite> <!-- curdOperationUsingTDD.GetRequest2Test -->
