<?xml version="1.0" encoding="UTF-8"?>
<!-- Generated by org.testng.reporters.JUnitReportReporter -->
<testsuite hostname="LAPTOP-4970KC2I" failures="0" tests="1" name="curdOperationUsingTDD.GetRequest1Test" time="4.005" errors="0" timestamp="2022-11-04T13:16:35 IST" skipped="0">
  <testcase classname="curdOperationUsingTDD.GetRequest1Test" name="getRequestTest" time="4.005"/>
  <system-out/>
</testsuite> <!-- curdOperationUsingTDD.GetRequest1Test -->
