<?xml version="1.0" encoding="UTF-8"?>
<!-- Generated by org.testng.reporters.JUnitReportReporter -->
<testsuite hostname="LAPTOP-4970KC2I" failures="0" tests="5" name="runner.Runner" time="6.141" errors="0" timestamp="2022-11-04T15:37:47 IST" skipped="0">
  <testcase classname="runner.Runner" name="runScenario" time="1.452"/>
  <system-out/>
  <testcase classname="runner.Runner" name="runScenario" time="0.085"/>
  <system-out/>
  <testcase classname="runner.Runner" name="runScenario" time="3.056"/>
  <system-out/>
  <testcase classname="runner.Runner" name="runScenario" time="0.417"/>
  <system-out/>
  <testcase classname="runner.Runner" name="runScenario" time="1.131"/>
  <system-out/>
</testsuite> <!-- runner.Runner -->
