<?xml version="1.0" encoding="UTF-8"?>
<!-- Generated by org.testng.reporters.JUnitReportReporter -->
<testsuite hostname="LAPTOP-4970KC2I" failures="0" tests="1" name="authentication.BasicAuth2Test" time="4.520" errors="0" timestamp="2022-11-02T11:10:49 IST" skipped="0">
  <testcase classname="authentication.BasicAuth2Test" name="DigestiveTest" time="4.520"/>
  <system-out/>
</testsuite> <!-- authentication.BasicAuth2Test -->
