<?xml version="1.0" encoding="UTF-8"?>
<!-- Generated by org.testng.reporters.JUnitReportReporter -->
<testsuite hostname="LAPTOP-4970KC2I" failures="0" tests="1" name="authentication.BasicAuth1Test" time="4.525" errors="0" timestamp="2022-11-02T11:11:27 IST" skipped="0">
  <testcase classname="authentication.BasicAuth1Test" name="DigestiveTest" time="4.525"/>
  <system-out/>
</testsuite> <!-- authentication.BasicAuth1Test -->
