<?xml version="1.0" encoding="UTF-8"?>
<!-- Generated by org.testng.reporters.JUnitReportReporter -->
<testsuite hostname="LAPTOP-4970KC2I" failures="0" tests="1" name="authentication.BarearTokenTest" time="5.416" errors="0" timestamp="2022-11-04T12:53:31 IST" skipped="0">
  <testcase classname="authentication.BarearTokenTest" name="BarearTTest" time="5.416"/>
  <system-out/>
</testsuite> <!-- authentication.BarearTokenTest -->
