<?xml version="1.0" encoding="UTF-8"?>
<!-- Generated by org.testng.reporters.JUnitReportReporter -->
<testsuite hostname="LAPTOP-4970KC2I" failures="0" tests="1" name="curdOperationUsingTDD.PostRequestTest" time="4.361" errors="0" timestamp="2022-11-04T13:13:12 IST" skipped="0">
  <testcase classname="curdOperationUsingTDD.PostRequestTest" name="PostRequestTest" time="4.361"/>
  <system-out/>
</testsuite> <!-- curdOperationUsingTDD.PostRequestTest -->
